<?xml version="1.0" encoding="UTF-8"?>
<!-- Generated by org.testng.reporters.JUnitReportReporter -->
<testsuite hostname="hp" name="testng.TestNg" tests="1" failures="0" timestamp="6 Apr 2017 20:20:19 GMT" time="0.058" errors="0">
  <testcase name="Display" time="0.058" classname="testng.TestNg"/>
</testsuite> <!-- testng.TestNg -->
